2021-01-29 14:15:32.010  INFO 1880 --- [restartedMain] com.car.led.LedApplication               : Starting LedApplication on HZW001-M81067MS with PID 1880 (D:\workspace_git\vcats-led\target\classes started by xiangbin.kong in D:\workspace_git\vcats-led)
2021-01-29 14:15:32.016  INFO 1880 --- [restartedMain] com.car.led.LedApplication               : The following profiles are active: dev
2021-01-29 14:15:32.286  INFO 1880 --- [restartedMain] ConfigServletWebServerApplicationContext : Refreshing org.springframework.boot.web.servlet.context.AnnotationConfigServletWebServerApplicationContext@1d0237ee: startup date [Fri Jan 29 14:15:32 CST 2021]; root of context hierarchy
2021-01-29 14:15:33.646  WARN 1880 --- [restartedMain] t.m.s.mapper.ClassPathMapperScanner      : No MyBatis mapper was found in '[com.car.led]' package. Please check your configuration.
2021-01-29 14:15:33.662  WARN 1880 --- [restartedMain] o.m.s.mapper.ClassPathMapperScanner      : No MyBatis mapper was found in '[com.car.led]' package. Please check your configuration.
2021-01-29 14:15:34.052  INFO 1880 --- [restartedMain] trationDelegate$BeanPostProcessorChecker : Bean 'org.springframework.transaction.annotation.ProxyTransactionManagementConfiguration' of type [org.springframework.transaction.annotation.ProxyTransactionManagementConfiguration$$EnhancerBySpringCGLIB$$f39e1bd2] is not eligible for getting processed by all BeanPostProcessors (for example: not eligible for auto-proxying)
2021-01-29 14:15:34.708  INFO 1880 --- [restartedMain] o.s.b.w.embedded.tomcat.TomcatWebServer  : Tomcat initialized with port(s): 8088 (http)
2021-01-29 14:15:34.818  INFO 1880 --- [restartedMain] o.apache.catalina.core.StandardService   : Starting service [Tomcat]
2021-01-29 14:15:34.818  INFO 1880 --- [restartedMain] org.apache.catalina.core.StandardEngine  : Starting Servlet Engine: Apache Tomcat/8.5.29
2021-01-29 14:15:34.818  INFO 1880 --- [localhost-startStop-1] o.a.catalina.core.AprLifecycleListener   : The APR based Apache Tomcat Native library which allows optimal performance in production environments was not found on the java.library.path: [C:\Program Files\Java\jdk1.8.0_181\bin;C:\Windows\Sun\Java\bin;C:\Windows\system32;C:\Windows;D:\JetBrainsIntelliJ\IntelliJ IDEA 2019.1.4\jre64\\bin;D:\JetBrainsIntelliJ\IntelliJ IDEA 2019.1.4\jre64\\bin\server;C:\Program Files (x86)\Common Files\Oracle\Java\javapath;C:\Program Files\Python37\Scripts\;C:\Program Files\Python37\;C:\Windows\system32;C:\Windows;C:\Windows\System32\Wbem;C:\Windows\System32\WindowsPowerShell\v1.0\;C:\Windows\System32\OpenSSH\;C:\Program Files\PuTTY\;C:\Program Files\TortoiseSVN\bin;C:\Program Files\Microsoft VS Code\bin;C:\Program Files\nodejs\;C:\Users\xiangbin.kong\AppData\Roaming\npm;"C:\Program Files\Java\jdk1.8.0_181\bin;C:\Program Files\Java\jdk1.8.0_181\jre\bin";C:\Program Files\apache-maven-3.6.3\bin;;.]
2021-01-29 14:15:34.958  INFO 1880 --- [localhost-startStop-1] o.a.c.c.C.[Tomcat].[localhost].[/]       : Initializing Spring embedded WebApplicationContext
2021-01-29 14:15:34.958  INFO 1880 --- [localhost-startStop-1] o.s.web.context.ContextLoader            : Root WebApplicationContext: initialization completed in 2672 ms
2021-01-29 14:15:35.083  INFO 1880 --- [localhost-startStop-1] o.s.b.w.servlet.ServletRegistrationBean  : Servlet dispatcherServlet mapped to [/]
2021-01-29 14:15:35.083  INFO 1880 --- [localhost-startStop-1] o.s.b.w.servlet.ServletRegistrationBean  : Servlet statViewServlet mapped to [/druid/*]
2021-01-29 14:15:35.083  INFO 1880 --- [localhost-startStop-1] o.s.b.w.servlet.FilterRegistrationBean   : Mapping filter: 'characterEncodingFilter' to: [/*]
2021-01-29 14:15:35.083  INFO 1880 --- [localhost-startStop-1] o.s.b.w.servlet.FilterRegistrationBean   : Mapping filter: 'webStatFilter' to urls: [/*]
2021-01-29 14:15:35.177  INFO 1880 --- [restartedMain] c.a.d.s.b.a.DruidDataSourceAutoConfigure : Init DruidDataSource
2021-01-29 14:15:36.067  INFO 1880 --- [restartedMain] com.alibaba.druid.pool.DruidDataSource   : {dataSource-1} inited
2021-01-29 14:15:38.645  INFO 1880 --- [restartedMain] s.w.s.m.m.a.RequestMappingHandlerMapping : Mapped "{[/actions/add],methods=[POST]}" onto public com.car.led.util.E3Result com.car.led.controller.ActionController.add(javax.servlet.http.HttpServletRequest)
2021-01-29 14:15:38.645  INFO 1880 --- [restartedMain] s.w.s.m.m.a.RequestMappingHandlerMapping : Mapped "{[/actions/query],methods=[POST || GET]}" onto public com.car.led.util.E3Result com.car.led.controller.ActionController.query(java.lang.String)
2021-01-29 14:15:38.645  INFO 1880 --- [restartedMain] s.w.s.m.m.a.RequestMappingHandlerMapping : Mapped "{[/actions/current],methods=[POST || GET]}" onto public com.car.led.util.E3Result com.car.led.controller.ActionController.current()
2021-01-29 14:15:38.645  INFO 1880 --- [restartedMain] s.w.s.m.m.a.RequestMappingHandlerMapping : Mapped "{[/area/createArea],methods=[GET]}" onto public com.car.led.util.E3Result com.car.led.controller.AreaController.initArea(java.lang.String)
2021-01-29 14:15:38.645  INFO 1880 --- [restartedMain] s.w.s.m.m.a.RequestMappingHandlerMapping : Mapped "{[/area/findArea],methods=[GET]}" onto public com.car.led.util.E3Result com.car.led.controller.AreaController.findIndexArea()
2021-01-29 14:15:38.645  INFO 1880 --- [restartedMain] s.w.s.m.m.a.RequestMappingHandlerMapping : Mapped "{[/atlas/publish/{vehicle}],methods=[POST]}" onto public com.car.led.util.E3Result com.car.led.controller.AtlasController.publish(java.lang.String,java.lang.String[])
2021-01-29 14:15:38.645  INFO 1880 --- [restartedMain] s.w.s.m.m.a.RequestMappingHandlerMapping : Mapped "{[/atlas/{stationName}/projects],methods=[GET]}" onto public com.car.led.util.E3Result com.car.led.controller.AtlasController.getStationProjects(java.lang.String)
2021-01-29 14:15:38.645  INFO 1880 --- [restartedMain] s.w.s.m.m.a.RequestMappingHandlerMapping : Mapped "{[/atlas/projects/{vehicle}/reset],methods=[GET]}" onto public com.car.led.util.E3Result com.car.led.controller.AtlasController.resetProjects(java.lang.String)
2021-01-29 14:15:38.645  INFO 1880 --- [restartedMain] s.w.s.m.m.a.RequestMappingHandlerMapping : Mapped "{[/atlas/projects],methods=[GET]}" onto public com.car.led.util.E3Result com.car.led.controller.AtlasController.getProjects()
2021-01-29 14:15:38.645  INFO 1880 --- [restartedMain] s.w.s.m.m.a.RequestMappingHandlerMapping : Mapped "{[/atlas/projects/{vehicle}/{status}],methods=[GET]}" onto public com.car.led.util.E3Result com.car.led.controller.AtlasController.updateProjects(java.lang.String,int)
2021-01-29 14:15:38.645  INFO 1880 --- [restartedMain] s.w.s.m.m.a.RequestMappingHandlerMapping : Mapped "{[/boxcar/ecus],methods=[GET]}" onto public com.car.led.util.E3Result com.car.led.controller.BoxCarController.list(java.lang.String)
2021-01-29 14:15:38.645  INFO 1880 --- [restartedMain] s.w.s.m.m.a.RequestMappingHandlerMapping : Mapped "{[/boxcar/reset],methods=[GET]}" onto public com.car.led.util.E3Result com.car.led.controller.BoxCarController.reset(java.lang.String)
2021-01-29 14:15:38.645  INFO 1880 --- [restartedMain] s.w.s.m.m.a.RequestMappingHandlerMapping : Mapped "{[/boxcar/updateProgress],methods=[GET]}" onto public com.car.led.util.E3Result com.car.led.controller.BoxCarController.updateProgress(java.lang.String,int)
2021-01-29 14:15:38.645  INFO 1880 --- [restartedMain] s.w.s.m.m.a.RequestMappingHandlerMapping : Mapped "{[/boxcar/planStatistics],methods=[GET]}" onto public com.car.led.util.E3Result com.car.led.controller.BoxCarController.planStatistics(java.lang.String)
2021-01-29 14:15:38.645  INFO 1880 --- [restartedMain] s.w.s.m.m.a.RequestMappingHandlerMapping : Mapped "{[/boxcar/plans],methods=[GET]}" onto public com.car.led.util.E3Result com.car.led.controller.BoxCarController.plans(java.lang.String)
2021-01-29 14:15:38.645  INFO 1880 --- [restartedMain] s.w.s.m.m.a.RequestMappingHandlerMapping : Mapped "{[/boxcar/boxStatistics],methods=[GET]}" onto public com.car.led.util.E3Result com.car.led.controller.BoxCarController.boxStatistics(java.lang.String)
2021-01-29 14:15:38.645  INFO 1880 --- [restartedMain] s.w.s.m.m.a.RequestMappingHandlerMapping : Mapped "{[/boxcar/progress],methods=[GET]}" onto public com.car.led.util.E3Result com.car.led.controller.BoxCarController.boxCarProgress(java.lang.String)
2021-01-29 14:15:38.645  INFO 1880 --- [restartedMain] s.w.s.m.m.a.RequestMappingHandlerMapping : Mapped "{[/boxcar/test],methods=[POST]}" onto public com.car.led.util.E3Result com.car.led.controller.BoxCarController.boxCarTest(com.car.led.model.Ecu)
2021-01-29 14:15:38.645  INFO 1880 --- [restartedMain] s.w.s.m.m.a.RequestMappingHandlerMapping : Mapped "{[/equipments/list],methods=[GET]}" onto public com.car.led.util.E3Result com.car.led.controller.EquipmentController.list()
2021-01-29 14:15:38.661  INFO 1880 --- [restartedMain] s.w.s.m.m.a.RequestMappingHandlerMapping : Mapped "{[/plantTypes/list],methods=[GET]}" onto public com.car.led.util.E3Result com.car.led.controller.PlantTypeController.list()
2021-01-29 14:15:38.661  INFO 1880 --- [restartedMain] s.w.s.m.m.a.RequestMappingHandlerMapping : Mapped "{[/plantTypes/actions],methods=[GET]}" onto public com.car.led.util.E3Result com.car.led.controller.PlantTypeController.actions(java.lang.String)
2021-01-29 14:15:38.661  INFO 1880 --- [restartedMain] s.w.s.m.m.a.RequestMappingHandlerMapping : Mapped "{[/research/plans],methods=[GET]}" onto public com.car.led.util.E3Result com.car.led.controller.ResearchController.list()
2021-01-29 14:15:38.661  INFO 1880 --- [restartedMain] s.w.s.m.m.a.RequestMappingHandlerMapping : Mapped "{[/research/updateStatus],methods=[GET]}" onto public com.car.led.util.E3Result com.car.led.controller.ResearchController.status(java.lang.String,int)
2021-01-29 14:15:38.661  INFO 1880 --- [restartedMain] s.w.s.m.m.a.RequestMappingHandlerMapping : Mapped "{[/research/virtual],methods=[GET]}" onto public com.car.led.util.E3Result com.car.led.controller.ResearchController.virtual(java.lang.String)
2021-01-29 14:15:38.661  INFO 1880 --- [restartedMain] s.w.s.m.m.a.RequestMappingHandlerMapping : Mapped "{[/research/realInfo],methods=[GET]}" onto public com.car.led.util.E3Result com.car.led.controller.ResearchController.realInfo(java.lang.String)
2021-01-29 14:15:38.661  INFO 1880 --- [restartedMain] s.w.s.m.m.a.RequestMappingHandlerMapping : Mapped "{[/research/reset],methods=[GET]}" onto public com.car.led.util.E3Result com.car.led.controller.ResearchController.virtualRest(java.lang.String)
2021-01-29 14:15:38.661  INFO 1880 --- [restartedMain] s.w.s.m.m.a.RequestMappingHandlerMapping : Mapped "{[/varplan/vehicleQuality],methods=[GET]}" onto public com.car.led.util.E3Result com.car.led.controller.VarPlanController.selectVehicleQuality()
2021-01-29 14:15:38.661  INFO 1880 --- [restartedMain] s.w.s.m.m.a.RequestMappingHandlerMapping : Mapped "{[/varplan/getPP],methods=[GET]}" onto public com.car.led.util.E3Result com.car.led.controller.VarPlanController.getProductionPlan()
2021-01-29 14:15:38.661  INFO 1880 --- [restartedMain] s.w.s.m.m.a.RequestMappingHandlerMapping : Mapped "{[/varplan/stationQuality],methods=[GET]}" onto public com.car.led.util.E3Result com.car.led.controller.VarPlanController.selectStationQuality(java.lang.String)
2021-01-29 14:15:38.661  INFO 1880 --- [restartedMain] s.w.s.m.m.a.RequestMappingHandlerMapping : Mapped "{[/varplan/getPlanByVin/{vin}],methods=[GET]}" onto public com.car.led.util.E3Result com.car.led.controller.VarPlanController.getPlanByVin(java.lang.String)
2021-01-29 14:15:38.661  INFO 1880 --- [restartedMain] s.w.s.m.m.a.RequestMappingHandlerMapping : Mapped "{[/varplan/planList],methods=[GET]}" onto public com.car.led.util.E3Result com.car.led.controller.VarPlanController.dayCarPlanList(java.lang.String)
2021-01-29 14:15:38.661  INFO 1880 --- [restartedMain] s.w.s.m.m.a.RequestMappingHandlerMapping : Mapped "{[/swagger-resources]}" onto public org.springframework.http.ResponseEntity<java.util.List<springfox.documentation.swagger.web.SwaggerResource>> springfox.documentation.swagger.web.ApiResourceController.swaggerResources()
2021-01-29 14:15:38.661  INFO 1880 --- [restartedMain] s.w.s.m.m.a.RequestMappingHandlerMapping : Mapped "{[/swagger-resources/configuration/ui]}" onto public org.springframework.http.ResponseEntity<springfox.documentation.swagger.web.UiConfiguration> springfox.documentation.swagger.web.ApiResourceController.uiConfiguration()
2021-01-29 14:15:38.676  INFO 1880 --- [restartedMain] s.w.s.m.m.a.RequestMappingHandlerMapping : Mapped "{[/swagger-resources/configuration/security]}" onto public org.springframework.http.ResponseEntity<springfox.documentation.swagger.web.SecurityConfiguration> springfox.documentation.swagger.web.ApiResourceController.securityConfiguration()
2021-01-29 14:15:38.676  INFO 1880 --- [restartedMain] s.w.s.m.m.a.RequestMappingHandlerMapping : Mapped "{[/error]}" onto public org.springframework.http.ResponseEntity<java.util.Map<java.lang.String, java.lang.Object>> org.springframework.boot.autoconfigure.web.servlet.error.BasicErrorController.error(javax.servlet.http.HttpServletRequest)
2021-01-29 14:15:38.676  INFO 1880 --- [restartedMain] s.w.s.m.m.a.RequestMappingHandlerMapping : Mapped "{[/error],produces=[text/html]}" onto public org.springframework.web.servlet.ModelAndView org.springframework.boot.autoconfigure.web.servlet.error.BasicErrorController.errorHtml(javax.servlet.http.HttpServletRequest,javax.servlet.http.HttpServletResponse)
2021-01-29 14:15:38.817  INFO 1880 --- [restartedMain] o.s.w.s.handler.SimpleUrlHandlerMapping  : Mapped URL path [/**] onto handler of type [class org.springframework.web.servlet.resource.ResourceHttpRequestHandler]
2021-01-29 14:15:38.832  INFO 1880 --- [restartedMain] o.s.w.s.handler.SimpleUrlHandlerMapping  : Mapped URL path [/swagger-ui.html] onto handler of type [class org.springframework.web.servlet.resource.ResourceHttpRequestHandler]
2021-01-29 14:15:38.832  INFO 1880 --- [restartedMain] o.s.w.s.handler.SimpleUrlHandlerMapping  : Mapped URL path [/webjars/**] onto handler of type [class org.springframework.web.servlet.resource.ResourceHttpRequestHandler]
2021-01-29 14:15:38.832  INFO 1880 --- [restartedMain] o.s.w.s.handler.SimpleUrlHandlerMapping  : Mapped URL path [/**] onto handler of type [class org.springframework.web.servlet.resource.DefaultServletHttpRequestHandler]
2021-01-29 14:15:38.895  INFO 1880 --- [restartedMain] s.w.s.m.m.a.RequestMappingHandlerAdapter : Looking for @ControllerAdvice: org.springframework.boot.web.servlet.context.AnnotationConfigServletWebServerApplicationContext@1d0237ee: startup date [Fri Jan 29 14:15:32 CST 2021]; root of context hierarchy
2021-01-29 14:15:38.942  INFO 1880 --- [restartedMain] .m.m.a.ExceptionHandlerExceptionResolver : Detected @ExceptionHandler methods in applicationExceptionHandler
2021-01-29 14:15:39.004  INFO 1880 --- [restartedMain] pertySourcedRequestMappingHandlerMapping : Mapped URL path [/v2/api-docs] onto method [public org.springframework.http.ResponseEntity<springfox.documentation.spring.web.json.Json> springfox.documentation.swagger2.web.Swagger2Controller.getDocumentation(java.lang.String,javax.servlet.http.HttpServletRequest)]
2021-01-29 14:15:39.129  INFO 1880 --- [restartedMain] t.m.m.autoconfigure.MapperCacheDisabler  : Clear tk.mybatis.mapper.util.MsUtil CLASS_CACHE cache.
2021-01-29 14:15:39.129  INFO 1880 --- [restartedMain] t.m.m.autoconfigure.MapperCacheDisabler  : Clear tk.mybatis.mapper.genid.GenIdUtil CACHE cache.
2021-01-29 14:15:39.129  INFO 1880 --- [restartedMain] t.m.m.autoconfigure.MapperCacheDisabler  : Clear tk.mybatis.mapper.version.VersionUtil CACHE cache.
2021-01-29 14:15:39.129  INFO 1880 --- [restartedMain] t.m.m.autoconfigure.MapperCacheDisabler  : Clear EntityHelper entityTableMap cache.
2021-01-29 14:15:39.535  INFO 1880 --- [restartedMain] o.s.b.d.a.OptionalLiveReloadServer       : LiveReload server is running on port 35729
2021-01-29 14:15:39.567  INFO 1880 --- [restartedMain] o.s.j.e.a.AnnotationMBeanExporter        : Registering beans for JMX exposure on startup
2021-01-29 14:15:39.567  INFO 1880 --- [restartedMain] o.s.j.e.a.AnnotationMBeanExporter        : Bean with name 'statFilter' has been autodetected for JMX exposure
2021-01-29 14:15:39.567  INFO 1880 --- [restartedMain] o.s.j.e.a.AnnotationMBeanExporter        : Bean with name 'dataSource' has been autodetected for JMX exposure
2021-01-29 14:15:39.582  INFO 1880 --- [restartedMain] o.s.j.e.a.AnnotationMBeanExporter        : Located MBean 'dataSource': registering with JMX server as MBean [com.alibaba.druid.spring.boot.autoconfigure:name=dataSource,type=DruidDataSourceWrapper]
2021-01-29 14:15:39.582  INFO 1880 --- [restartedMain] o.s.j.e.a.AnnotationMBeanExporter        : Located MBean 'statFilter': registering with JMX server as MBean [com.alibaba.druid.filter.stat:name=statFilter,type=StatFilter]
2021-01-29 14:15:39.582  INFO 1880 --- [restartedMain] o.s.c.support.DefaultLifecycleProcessor  : Starting beans in phase 2147483647
2021-01-29 14:15:39.582  INFO 1880 --- [restartedMain] d.s.w.p.DocumentationPluginsBootstrapper : Context refreshed
2021-01-29 14:15:39.598  INFO 1880 --- [restartedMain] d.s.w.p.DocumentationPluginsBootstrapper : Found 1 custom documentation plugin(s)
2021-01-29 14:15:39.629  INFO 1880 --- [restartedMain] s.d.s.w.s.ApiListingReferenceScanner     : Scanning for api listing references
2021-01-29 14:15:39.785  INFO 1880 --- [restartedMain] .d.s.w.r.o.CachingOperationNameGenerator : Generating unique operation named: listUsingGET_1
2021-01-29 14:15:39.785  INFO 1880 --- [restartedMain] .d.s.w.r.o.CachingOperationNameGenerator : Generating unique operation named: listUsingGET_2
2021-01-29 14:15:39.785  INFO 1880 --- [restartedMain] .d.s.w.r.o.CachingOperationNameGenerator : Generating unique operation named: listUsingGET_3
2021-01-29 14:15:39.848  INFO 1880 --- [restartedMain] o.s.b.w.embedded.tomcat.TomcatWebServer  : Tomcat started on port(s): 8088 (http) with context path ''
2021-01-29 14:15:39.863  INFO 1880 --- [restartedMain] com.car.led.LedApplication               : Started LedApplication in 9.051 seconds (JVM running for 11.839)
2021-01-29 14:16:01.000  INFO 1880 --- [http-nio-8088-exec-1] o.a.c.c.C.[Tomcat].[localhost].[/]       : Initializing Spring FrameworkServlet 'dispatcherServlet'
2021-01-29 14:16:01.001  INFO 1880 --- [http-nio-8088-exec-1] o.s.web.servlet.DispatcherServlet        : FrameworkServlet 'dispatcherServlet': initialization started
2021-01-29 14:16:01.031  INFO 1880 --- [http-nio-8088-exec-1] o.s.web.servlet.DispatcherServlet        : FrameworkServlet 'dispatcherServlet': initialization completed in 30 ms
2021-01-29 14:16:28.922 ERROR 1880 --- [http-nio-8088-exec-17] c.c.l.e.ApplicationExceptionHandler      : null

java.lang.NullPointerException: null
	at com.car.led.controller.ResearchController.realInfo(ResearchController.java:105)
	at sun.reflect.NativeMethodAccessorImpl.invoke0(Native Method)
	at sun.reflect.NativeMethodAccessorImpl.invoke(NativeMethodAccessorImpl.java:62)
	at sun.reflect.DelegatingMethodAccessorImpl.invoke(DelegatingMethodAccessorImpl.java:43)
	at java.lang.reflect.Method.invoke(Method.java:498)
	at org.springframework.web.method.support.InvocableHandlerMethod.doInvoke(InvocableHandlerMethod.java:209)
	at org.springframework.web.method.support.InvocableHandlerMethod.invokeForRequest(InvocableHandlerMethod.java:136)
	at org.springframework.web.servlet.mvc.method.annotation.ServletInvocableHandlerMethod.invokeAndHandle(ServletInvocableHandlerMethod.java:102)
	at org.springframework.web.servlet.mvc.method.annotation.RequestMappingHandlerAdapter.invokeHandlerMethod(RequestMappingHandlerAdapter.java:877)
	at org.springframework.web.servlet.mvc.method.annotation.RequestMappingHandlerAdapter.handleInternal(RequestMappingHandlerAdapter.java:783)
	at org.springframework.web.servlet.mvc.method.AbstractHandlerMethodAdapter.handle(AbstractHandlerMethodAdapter.java:87)
	at org.springframework.web.servlet.DispatcherServlet.doDispatch(DispatcherServlet.java:991)
	at org.springframework.web.servlet.DispatcherServlet.doService(DispatcherServlet.java:925)
	at org.springframework.web.servlet.FrameworkServlet.processRequest(FrameworkServlet.java:974)
	at org.springframework.web.servlet.FrameworkServlet.doGet(FrameworkServlet.java:866)
	at javax.servlet.http.HttpServlet.service(HttpServlet.java:635)
	at org.springframework.web.servlet.FrameworkServlet.service(FrameworkServlet.java:851)
	at javax.servlet.http.HttpServlet.service(HttpServlet.java:742)
	at org.apache.catalina.core.ApplicationFilterChain.internalDoFilter(ApplicationFilterChain.java:231)
	at org.apache.catalina.core.ApplicationFilterChain.doFilter(ApplicationFilterChain.java:166)
	at org.apache.tomcat.websocket.server.WsFilter.doFilter(WsFilter.java:52)
	at org.apache.catalina.core.ApplicationFilterChain.internalDoFilter(ApplicationFilterChain.java:193)
	at org.apache.catalina.core.ApplicationFilterChain.doFilter(ApplicationFilterChain.java:166)
	at com.alibaba.druid.support.http.WebStatFilter.doFilter(WebStatFilter.java:123)
	at org.apache.catalina.core.ApplicationFilterChain.internalDoFilter(ApplicationFilterChain.java:193)
	at org.apache.catalina.core.ApplicationFilterChain.doFilter(ApplicationFilterChain.java:166)
	at org.springframework.web.filter.CharacterEncodingFilter.doFilterInternal(CharacterEncodingFilter.java:200)
	at org.springframework.web.filter.OncePerRequestFilter.doFilter(OncePerRequestFilter.java:107)
	at org.apache.catalina.core.ApplicationFilterChain.internalDoFilter(ApplicationFilterChain.java:193)
	at org.apache.catalina.core.ApplicationFilterChain.doFilter(ApplicationFilterChain.java:166)
	at org.apache.catalina.core.StandardWrapperValve.invoke(StandardWrapperValve.java:198)
	at org.apache.catalina.core.StandardContextValve.invoke(StandardContextValve.java:96)
	at org.apache.catalina.authenticator.AuthenticatorBase.invoke(AuthenticatorBase.java:496)
	at org.apache.catalina.core.StandardHostValve.invoke(StandardHostValve.java:140)
	at org.apache.catalina.valves.ErrorReportValve.invoke(ErrorReportValve.java:81)
	at org.apache.catalina.core.StandardEngineValve.invoke(StandardEngineValve.java:87)
	at org.apache.catalina.connector.CoyoteAdapter.service(CoyoteAdapter.java:342)
	at org.apache.coyote.http11.Http11Processor.service(Http11Processor.java:803)
	at org.apache.coyote.AbstractProcessorLight.process(AbstractProcessorLight.java:66)
	at org.apache.coyote.AbstractProtocol$ConnectionHandler.process(AbstractProtocol.java:790)
	at org.apache.tomcat.util.net.NioEndpoint$SocketProcessor.doRun(NioEndpoint.java:1459)
	at org.apache.tomcat.util.net.SocketProcessorBase.run(SocketProcessorBase.java:49)
	at java.util.concurrent.ThreadPoolExecutor.runWorker(ThreadPoolExecutor.java:1149)
	at java.util.concurrent.ThreadPoolExecutor$Worker.run(ThreadPoolExecutor.java:624)
	at org.apache.tomcat.util.threads.TaskThread$WrappingRunnable.run(TaskThread.java:61)
	at java.lang.Thread.run(Thread.java:748)

2021-01-29 14:16:28.943 ERROR 1880 --- [http-nio-8088-exec-17] o.a.c.c.C.[.[.[/].[dispatcherServlet]    : Servlet.service() for servlet [dispatcherServlet] in context with path [] threw exception [Request processing failed; nested exception is org.springframework.expression.spel.SpelEvaluationException: EL1008E: Property or field 'timestamp' cannot be found on object of type 'org.springframework.ui.ModelMap' - maybe not public or not valid?] with root cause

org.springframework.expression.spel.SpelEvaluationException: EL1008E: Property or field 'timestamp' cannot be found on object of type 'org.springframework.ui.ModelMap' - maybe not public or not valid?
	at org.springframework.expression.spel.ast.PropertyOrFieldReference.readProperty(PropertyOrFieldReference.java:217)
	at org.springframework.expression.spel.ast.PropertyOrFieldReference.getValueInternal(PropertyOrFieldReference.java:104)
	at org.springframework.expression.spel.ast.PropertyOrFieldReference.getValueInternal(PropertyOrFieldReference.java:91)
	at org.springframework.expression.spel.ast.SpelNodeImpl.getValue(SpelNodeImpl.java:111)
	at org.springframework.expression.spel.standard.SpelExpression.getValue(SpelExpression.java:270)
	at org.springframework.boot.autoconfigure.web.servlet.error.ErrorMvcAutoConfiguration$ExpressionResolver.resolvePlaceholder(ErrorMvcAutoConfiguration.java:314)
	at org.springframework.boot.autoconfigure.web.servlet.error.NonRecursivePropertyPlaceholderHelper$NonRecursivePlaceholderResolver.resolvePlaceholder(NonRecursivePropertyPlaceholderHelper.java:56)
	at org.springframework.util.PropertyPlaceholderHelper.parseStringValue(PropertyPlaceholderHelper.java:145)
	at org.springframework.boot.autoconfigure.web.servlet.error.NonRecursivePropertyPlaceholderHelper.parseStringValue(NonRecursivePropertyPlaceholderHelper.java:38)
	at org.springframework.util.PropertyPlaceholderHelper.replacePlaceholders(PropertyPlaceholderHelper.java:124)
	at org.springframework.boot.autoconfigure.web.servlet.error.ErrorMvcAutoConfiguration$SpelView.render(ErrorMvcAutoConfiguration.java:243)
	at org.springframework.web.servlet.DispatcherServlet.render(DispatcherServlet.java:1325)
	at org.springframework.web.servlet.DispatcherServlet.processDispatchResult(DispatcherServlet.java:1069)
	at org.springframework.web.servlet.DispatcherServlet.doDispatch(DispatcherServlet.java:1008)
	at org.springframework.web.servlet.DispatcherServlet.doService(DispatcherServlet.java:925)
	at org.springframework.web.servlet.FrameworkServlet.processRequest(FrameworkServlet.java:974)
	at org.springframework.web.servlet.FrameworkServlet.doGet(FrameworkServlet.java:866)
	at javax.servlet.http.HttpServlet.service(HttpServlet.java:635)
	at org.springframework.web.servlet.FrameworkServlet.service(FrameworkServlet.java:851)
	at javax.servlet.http.HttpServlet.service(HttpServlet.java:742)
	at org.apache.catalina.core.ApplicationFilterChain.internalDoFilter(ApplicationFilterChain.java:231)
	at org.apache.catalina.core.ApplicationFilterChain.doFilter(ApplicationFilterChain.java:166)
	at org.apache.tomcat.websocket.server.WsFilter.doFilter(WsFilter.java:52)
	at org.apache.catalina.core.ApplicationFilterChain.internalDoFilter(ApplicationFilterChain.java:193)
	at org.apache.catalina.core.ApplicationFilterChain.doFilter(ApplicationFilterChain.java:166)
	at com.alibaba.druid.support.http.WebStatFilter.doFilter(WebStatFilter.java:123)
	at org.apache.catalina.core.ApplicationFilterChain.internalDoFilter(ApplicationFilterChain.java:193)
	at org.apache.catalina.core.ApplicationFilterChain.doFilter(ApplicationFilterChain.java:166)
	at org.springframework.web.filter.CharacterEncodingFilter.doFilterInternal(CharacterEncodingFilter.java:200)
	at org.springframework.web.filter.OncePerRequestFilter.doFilter(OncePerRequestFilter.java:107)
	at org.apache.catalina.core.ApplicationFilterChain.internalDoFilter(ApplicationFilterChain.java:193)
	at org.apache.catalina.core.ApplicationFilterChain.doFilter(ApplicationFilterChain.java:166)
	at org.apache.catalina.core.StandardWrapperValve.invoke(StandardWrapperValve.java:198)
	at org.apache.catalina.core.StandardContextValve.invoke(StandardContextValve.java:96)
	at org.apache.catalina.authenticator.AuthenticatorBase.invoke(AuthenticatorBase.java:496)
	at org.apache.catalina.core.StandardHostValve.invoke(StandardHostValve.java:140)
	at org.apache.catalina.valves.ErrorReportValve.invoke(ErrorReportValve.java:81)
	at org.apache.catalina.core.StandardEngineValve.invoke(StandardEngineValve.java:87)
	at org.apache.catalina.connector.CoyoteAdapter.service(CoyoteAdapter.java:342)
	at org.apache.coyote.http11.Http11Processor.service(Http11Processor.java:803)
	at org.apache.coyote.AbstractProcessorLight.process(AbstractProcessorLight.java:66)
	at org.apache.coyote.AbstractProtocol$ConnectionHandler.process(AbstractProtocol.java:790)
	at org.apache.tomcat.util.net.NioEndpoint$SocketProcessor.doRun(NioEndpoint.java:1459)
	at org.apache.tomcat.util.net.SocketProcessorBase.run(SocketProcessorBase.java:49)
	at java.util.concurrent.ThreadPoolExecutor.runWorker(ThreadPoolExecutor.java:1149)
	at java.util.concurrent.ThreadPoolExecutor$Worker.run(ThreadPoolExecutor.java:624)
	at org.apache.tomcat.util.threads.TaskThread$WrappingRunnable.run(TaskThread.java:61)
	at java.lang.Thread.run(Thread.java:748)

2021-01-29 15:00:53.322 ERROR 1880 --- [http-nio-8088-exec-22] c.c.l.e.ApplicationExceptionHandler      : null

java.lang.NullPointerException: null
	at com.car.led.controller.ResearchController.realInfo(ResearchController.java:105)
	at sun.reflect.NativeMethodAccessorImpl.invoke0(Native Method)
	at sun.reflect.NativeMethodAccessorImpl.invoke(NativeMethodAccessorImpl.java:62)
	at sun.reflect.DelegatingMethodAccessorImpl.invoke(DelegatingMethodAccessorImpl.java:43)
	at java.lang.reflect.Method.invoke(Method.java:498)
	at org.springframework.web.method.support.InvocableHandlerMethod.doInvoke(InvocableHandlerMethod.java:209)
	at org.springframework.web.method.support.InvocableHandlerMethod.invokeForRequest(InvocableHandlerMethod.java:136)
	at org.springframework.web.servlet.mvc.method.annotation.ServletInvocableHandlerMethod.invokeAndHandle(ServletInvocableHandlerMethod.java:102)
	at org.springframework.web.servlet.mvc.method.annotation.RequestMappingHandlerAdapter.invokeHandlerMethod(RequestMappingHandlerAdapter.java:877)
	at org.springframework.web.servlet.mvc.method.annotation.RequestMappingHandlerAdapter.handleInternal(RequestMappingHandlerAdapter.java:783)
	at org.springframework.web.servlet.mvc.method.AbstractHandlerMethodAdapter.handle(AbstractHandlerMethodAdapter.java:87)
	at org.springframework.web.servlet.DispatcherServlet.doDispatch(DispatcherServlet.java:991)
	at org.springframework.web.servlet.DispatcherServlet.doService(DispatcherServlet.java:925)
	at org.springframework.web.servlet.FrameworkServlet.processRequest(FrameworkServlet.java:974)
	at org.springframework.web.servlet.FrameworkServlet.doGet(FrameworkServlet.java:866)
	at javax.servlet.http.HttpServlet.service(HttpServlet.java:635)
	at org.springframework.web.servlet.FrameworkServlet.service(FrameworkServlet.java:851)
	at javax.servlet.http.HttpServlet.service(HttpServlet.java:742)
	at org.apache.catalina.core.ApplicationFilterChain.internalDoFilter(ApplicationFilterChain.java:231)
	at org.apache.catalina.core.ApplicationFilterChain.doFilter(ApplicationFilterChain.java:166)
	at org.apache.tomcat.websocket.server.WsFilter.doFilter(WsFilter.java:52)
	at org.apache.catalina.core.ApplicationFilterChain.internalDoFilter(ApplicationFilterChain.java:193)
	at org.apache.catalina.core.ApplicationFilterChain.doFilter(ApplicationFilterChain.java:166)
	at com.alibaba.druid.support.http.WebStatFilter.doFilter(WebStatFilter.java:123)
	at org.apache.catalina.core.ApplicationFilterChain.internalDoFilter(ApplicationFilterChain.java:193)
	at org.apache.catalina.core.ApplicationFilterChain.doFilter(ApplicationFilterChain.java:166)
	at org.springframework.web.filter.CharacterEncodingFilter.doFilterInternal(CharacterEncodingFilter.java:200)
	at org.springframework.web.filter.OncePerRequestFilter.doFilter(OncePerRequestFilter.java:107)
	at org.apache.catalina.core.ApplicationFilterChain.internalDoFilter(ApplicationFilterChain.java:193)
	at org.apache.catalina.core.ApplicationFilterChain.doFilter(ApplicationFilterChain.java:166)
	at org.apache.catalina.core.StandardWrapperValve.invoke(StandardWrapperValve.java:198)
	at org.apache.catalina.core.StandardContextValve.invoke(StandardContextValve.java:96)
	at org.apache.catalina.authenticator.AuthenticatorBase.invoke(AuthenticatorBase.java:496)
	at org.apache.catalina.core.StandardHostValve.invoke(StandardHostValve.java:140)
	at org.apache.catalina.valves.ErrorReportValve.invoke(ErrorReportValve.java:81)
	at org.apache.catalina.core.StandardEngineValve.invoke(StandardEngineValve.java:87)
	at org.apache.catalina.connector.CoyoteAdapter.service(CoyoteAdapter.java:342)
	at org.apache.coyote.http11.Http11Processor.service(Http11Processor.java:803)
	at org.apache.coyote.AbstractProcessorLight.process(AbstractProcessorLight.java:66)
	at org.apache.coyote.AbstractProtocol$ConnectionHandler.process(AbstractProtocol.java:790)
	at org.apache.tomcat.util.net.NioEndpoint$SocketProcessor.doRun(NioEndpoint.java:1459)
	at org.apache.tomcat.util.net.SocketProcessorBase.run(SocketProcessorBase.java:49)
	at java.util.concurrent.ThreadPoolExecutor.runWorker(ThreadPoolExecutor.java:1149)
	at java.util.concurrent.ThreadPoolExecutor$Worker.run(ThreadPoolExecutor.java:624)
	at org.apache.tomcat.util.threads.TaskThread$WrappingRunnable.run(TaskThread.java:61)
	at java.lang.Thread.run(Thread.java:748)

2021-01-29 15:00:53.325 ERROR 1880 --- [http-nio-8088-exec-22] o.a.c.c.C.[.[.[/].[dispatcherServlet]    : Servlet.service() for servlet [dispatcherServlet] in context with path [] threw exception [Request processing failed; nested exception is org.springframework.expression.spel.SpelEvaluationException: EL1008E: Property or field 'timestamp' cannot be found on object of type 'org.springframework.ui.ModelMap' - maybe not public or not valid?] with root cause

org.springframework.expression.spel.SpelEvaluationException: EL1008E: Property or field 'timestamp' cannot be found on object of type 'org.springframework.ui.ModelMap' - maybe not public or not valid?
	at org.springframework.expression.spel.ast.PropertyOrFieldReference.readProperty(PropertyOrFieldReference.java:217)
	at org.springframework.expression.spel.ast.PropertyOrFieldReference.getValueInternal(PropertyOrFieldReference.java:104)
	at org.springframework.expression.spel.ast.PropertyOrFieldReference.getValueInternal(PropertyOrFieldReference.java:91)
	at org.springframework.expression.spel.ast.SpelNodeImpl.getValue(SpelNodeImpl.java:111)
	at org.springframework.expression.spel.standard.SpelExpression.getValue(SpelExpression.java:270)
	at org.springframework.boot.autoconfigure.web.servlet.error.ErrorMvcAutoConfiguration$ExpressionResolver.resolvePlaceholder(ErrorMvcAutoConfiguration.java:314)
	at org.springframework.boot.autoconfigure.web.servlet.error.NonRecursivePropertyPlaceholderHelper$NonRecursivePlaceholderResolver.resolvePlaceholder(NonRecursivePropertyPlaceholderHelper.java:56)
	at org.springframework.util.PropertyPlaceholderHelper.parseStringValue(PropertyPlaceholderHelper.java:145)
	at org.springframework.boot.autoconfigure.web.servlet.error.NonRecursivePropertyPlaceholderHelper.parseStringValue(NonRecursivePropertyPlaceholderHelper.java:38)
	at org.springframework.util.PropertyPlaceholderHelper.replacePlaceholders(PropertyPlaceholderHelper.java:124)
	at org.springframework.boot.autoconfigure.web.servlet.error.ErrorMvcAutoConfiguration$SpelView.render(ErrorMvcAutoConfiguration.java:243)
	at org.springframework.web.servlet.DispatcherServlet.render(DispatcherServlet.java:1325)
	at org.springframework.web.servlet.DispatcherServlet.processDispatchResult(DispatcherServlet.java:1069)
	at org.springframework.web.servlet.DispatcherServlet.doDispatch(DispatcherServlet.java:1008)
	at org.springframework.web.servlet.DispatcherServlet.doService(DispatcherServlet.java:925)
	at org.springframework.web.servlet.FrameworkServlet.processRequest(FrameworkServlet.java:974)
	at org.springframework.web.servlet.FrameworkServlet.doGet(FrameworkServlet.java:866)
	at javax.servlet.http.HttpServlet.service(HttpServlet.java:635)
	at org.springframework.web.servlet.FrameworkServlet.service(FrameworkServlet.java:851)
	at javax.servlet.http.HttpServlet.service(HttpServlet.java:742)
	at org.apache.catalina.core.ApplicationFilterChain.internalDoFilter(ApplicationFilterChain.java:231)
	at org.apache.catalina.core.ApplicationFilterChain.doFilter(ApplicationFilterChain.java:166)
	at org.apache.tomcat.websocket.server.WsFilter.doFilter(WsFilter.java:52)
	at org.apache.catalina.core.ApplicationFilterChain.internalDoFilter(ApplicationFilterChain.java:193)
	at org.apache.catalina.core.ApplicationFilterChain.doFilter(ApplicationFilterChain.java:166)
	at com.alibaba.druid.support.http.WebStatFilter.doFilter(WebStatFilter.java:123)
	at org.apache.catalina.core.ApplicationFilterChain.internalDoFilter(ApplicationFilterChain.java:193)
	at org.apache.catalina.core.ApplicationFilterChain.doFilter(ApplicationFilterChain.java:166)
	at org.springframework.web.filter.CharacterEncodingFilter.doFilterInternal(CharacterEncodingFilter.java:200)
	at org.springframework.web.filter.OncePerRequestFilter.doFilter(OncePerRequestFilter.java:107)
	at org.apache.catalina.core.ApplicationFilterChain.internalDoFilter(ApplicationFilterChain.java:193)
	at org.apache.catalina.core.ApplicationFilterChain.doFilter(ApplicationFilterChain.java:166)
	at org.apache.catalina.core.StandardWrapperValve.invoke(StandardWrapperValve.java:198)
	at org.apache.catalina.core.StandardContextValve.invoke(StandardContextValve.java:96)
	at org.apache.catalina.authenticator.AuthenticatorBase.invoke(AuthenticatorBase.java:496)
	at org.apache.catalina.core.StandardHostValve.invoke(StandardHostValve.java:140)
	at org.apache.catalina.valves.ErrorReportValve.invoke(ErrorReportValve.java:81)
	at org.apache.catalina.core.StandardEngineValve.invoke(StandardEngineValve.java:87)
	at org.apache.catalina.connector.CoyoteAdapter.service(CoyoteAdapter.java:342)
	at org.apache.coyote.http11.Http11Processor.service(Http11Processor.java:803)
	at org.apache.coyote.AbstractProcessorLight.process(AbstractProcessorLight.java:66)
	at org.apache.coyote.AbstractProtocol$ConnectionHandler.process(AbstractProtocol.java:790)
	at org.apache.tomcat.util.net.NioEndpoint$SocketProcessor.doRun(NioEndpoint.java:1459)
	at org.apache.tomcat.util.net.SocketProcessorBase.run(SocketProcessorBase.java:49)
	at java.util.concurrent.ThreadPoolExecutor.runWorker(ThreadPoolExecutor.java:1149)
	at java.util.concurrent.ThreadPoolExecutor$Worker.run(ThreadPoolExecutor.java:624)
	at org.apache.tomcat.util.threads.TaskThread$WrappingRunnable.run(TaskThread.java:61)
	at java.lang.Thread.run(Thread.java:748)

